2018-03-27 17:18:07,556 [INFO] from application in play-dev-mode-akka.actor.default-dispatcher-2 - Creating Pool for datasource 'default'
2018-03-27 17:18:07,743 [INFO] from play.api.db.DefaultDBApi in play-dev-mode-akka.actor.default-dispatcher-2 - Database [default] connected at jdbc:h2:mem:games
2018-03-27 17:18:08,728 [WARN] from org.hibernate.validator.messageinterpolation.ParameterMessageInterpolator in play-dev-mode-akka.actor.default-dispatcher-2 - HV000184: ParameterMessageInterpolator has been chosen, EL interpolation will not be supported
2018-03-27 17:18:08,931 [INFO] from play.api.http.EnabledFilters in play-dev-mode-akka.actor.default-dispatcher-2 - Enabled Filters (see <https://www.playframework.com/documentation/latest/Filters>):

    play.filters.csrf.CSRFFilter
    play.filters.headers.SecurityHeadersFilter
    play.filters.hosts.AllowedHostsFilter

2018-03-27 17:18:08,931 [INFO] from play.api.Play in play-dev-mode-akka.actor.default-dispatcher-2 - Application started (Dev)
2018-03-27 17:18:09,212 [WARN] from play.api.mvc.DefaultJWTCookieDataCodec in application-akka.actor.default-dispatcher-4 - decode: cookie has invalid signature! message = JWT signature does not match locally computed signature. JWT validity cannot be asserted and should not be trusted.
2018-03-27 17:18:09,212 [INFO] from play.api.mvc.DefaultJWTCookieDataCodec in application-akka.actor.default-dispatcher-4 - The JWT signature in the cookie does not match the locally computed signature with the server.
This usually indicates the browser has a leftover cookie from another Play application,
so clearing cookies may resolve this error message.
2018-03-27 17:18:09,650 [WARN] from play.api.mvc.DefaultJWTCookieDataCodec in application-akka.actor.default-dispatcher-4 - decode: cookie has invalid signature! message = JWT signature does not match locally computed signature. JWT validity cannot be asserted and should not be trusted.
2018-03-27 17:18:09,650 [WARN] from play.api.mvc.DefaultJWTCookieDataCodec in application-akka.actor.default-dispatcher-7 - decode: cookie has invalid signature! message = JWT signature does not match locally computed signature. JWT validity cannot be asserted and should not be trusted.
2018-03-27 17:18:09,650 [INFO] from play.api.mvc.DefaultJWTCookieDataCodec in application-akka.actor.default-dispatcher-4 - The JWT signature in the cookie does not match the locally computed signature with the server.
This usually indicates the browser has a leftover cookie from another Play application,
so clearing cookies may resolve this error message.
2018-03-27 17:18:09,650 [INFO] from play.api.mvc.DefaultJWTCookieDataCodec in application-akka.actor.default-dispatcher-7 - The JWT signature in the cookie does not match the locally computed signature with the server.
This usually indicates the browser has a leftover cookie from another Play application,
so clearing cookies may resolve this error message.
2018-03-27 17:18:10,228 [WARN] from play.api.mvc.DefaultJWTCookieDataCodec in application-akka.actor.default-dispatcher-3 - decode: cookie has invalid signature! message = JWT signature does not match locally computed signature. JWT validity cannot be asserted and should not be trusted.
2018-03-27 17:18:10,228 [INFO] from play.api.mvc.DefaultJWTCookieDataCodec in application-akka.actor.default-dispatcher-3 - The JWT signature in the cookie does not match the locally computed signature with the server.
This usually indicates the browser has a leftover cookie from another Play application,
so clearing cookies may resolve this error message.
2018-03-27 17:18:10,275 [WARN] from play.api.mvc.DefaultJWTCookieDataCodec in application-akka.actor.default-dispatcher-7 - decode: cookie has invalid signature! message = JWT signature does not match locally computed signature. JWT validity cannot be asserted and should not be trusted.
2018-03-27 17:18:10,275 [INFO] from play.api.mvc.DefaultJWTCookieDataCodec in application-akka.actor.default-dispatcher-7 - The JWT signature in the cookie does not match the locally computed signature with the server.
This usually indicates the browser has a leftover cookie from another Play application,
so clearing cookies may resolve this error message.
2018-03-27 17:41:24,309 [INFO] from application in application-akka.actor.default-dispatcher-12 - Shutting down connection pool.
2018-03-27 17:41:24,465 [INFO] from application in play-dev-mode-akka.actor.default-dispatcher-20 - Creating Pool for datasource 'default'
2018-03-27 17:41:24,465 [INFO] from play.api.db.DefaultDBApi in play-dev-mode-akka.actor.default-dispatcher-20 - Database [default] connected at jdbc:h2:mem:games
2018-03-27 17:41:24,653 [WARN] from org.hibernate.validator.messageinterpolation.ParameterMessageInterpolator in play-dev-mode-akka.actor.default-dispatcher-20 - HV000184: ParameterMessageInterpolator has been chosen, EL interpolation will not be supported
2018-03-27 17:41:24,856 [INFO] from play.api.http.EnabledFilters in play-dev-mode-akka.actor.default-dispatcher-20 - Enabled Filters (see <https://www.playframework.com/documentation/latest/Filters>):

    play.filters.csrf.CSRFFilter
    play.filters.headers.SecurityHeadersFilter
    play.filters.hosts.AllowedHostsFilter

2018-03-27 17:41:24,856 [INFO] from play.api.Play in play-dev-mode-akka.actor.default-dispatcher-20 - Application started (Dev)
2018-03-27 17:43:33,679 [INFO] from application in application-akka.actor.default-dispatcher-11 - Shutting down connection pool.
2018-03-27 17:43:33,788 [INFO] from application in play-dev-mode-akka.actor.default-dispatcher-20 - Creating Pool for datasource 'default'
2018-03-27 17:43:33,788 [INFO] from play.api.db.DefaultDBApi in play-dev-mode-akka.actor.default-dispatcher-20 - Database [default] connected at jdbc:h2:mem:games
2018-03-27 17:43:33,929 [WARN] from org.hibernate.validator.messageinterpolation.ParameterMessageInterpolator in play-dev-mode-akka.actor.default-dispatcher-20 - HV000184: ParameterMessageInterpolator has been chosen, EL interpolation will not be supported
2018-03-27 17:43:33,991 [INFO] from play.api.http.EnabledFilters in play-dev-mode-akka.actor.default-dispatcher-20 - Enabled Filters (see <https://www.playframework.com/documentation/latest/Filters>):

    play.filters.csrf.CSRFFilter
    play.filters.headers.SecurityHeadersFilter
    play.filters.hosts.AllowedHostsFilter

2018-03-27 17:43:33,991 [INFO] from play.api.Play in play-dev-mode-akka.actor.default-dispatcher-20 - Application started (Dev)
2018-03-27 17:44:21,599 [INFO] from application in application-akka.actor.default-dispatcher-9 - Shutting down connection pool.
2018-03-27 17:44:21,708 [INFO] from application in play-dev-mode-akka.actor.default-dispatcher-31 - Creating Pool for datasource 'default'
2018-03-27 17:44:21,708 [INFO] from play.api.db.DefaultDBApi in play-dev-mode-akka.actor.default-dispatcher-31 - Database [default] connected at jdbc:h2:mem:games
2018-03-27 17:44:21,865 [WARN] from org.hibernate.validator.messageinterpolation.ParameterMessageInterpolator in play-dev-mode-akka.actor.default-dispatcher-31 - HV000184: ParameterMessageInterpolator has been chosen, EL interpolation will not be supported
2018-03-27 17:44:21,911 [INFO] from play.api.http.EnabledFilters in play-dev-mode-akka.actor.default-dispatcher-31 - Enabled Filters (see <https://www.playframework.com/documentation/latest/Filters>):

    play.filters.csrf.CSRFFilter
    play.filters.headers.SecurityHeadersFilter
    play.filters.hosts.AllowedHostsFilter

2018-03-27 17:44:21,911 [INFO] from play.api.Play in play-dev-mode-akka.actor.default-dispatcher-31 - Application started (Dev)
2018-03-27 17:44:49,239 [ERROR] from application in play-dev-mode-akka.actor.default-dispatcher-31 - 

! @77dbmhjl4 - Internal server error, for (GET) [/game] ->
 
play.sbt.PlayExceptions$CompilationException: Compilation error[method render in class views.html.game cannot be applied to given types;
  required: models.users.User,models.Game
  found: models.users.User
  reason: actual and formal argument lists differ in length]
	at play.sbt.PlayExceptions$CompilationException$.apply(PlayExceptions.scala:34)
	at play.sbt.PlayExceptions$CompilationException$.apply(PlayExceptions.scala:34)
	at scala.Option.map(Option.scala:146)
	at play.sbt.run.PlayReload$.$anonfun$taskFailureHandler$1(PlayReload.scala:33)
	at scala.Option.map(Option.scala:146)
	at play.sbt.run.PlayReload$.taskFailureHandler(PlayReload.scala:28)
	at play.sbt.run.PlayReload$.compileFailure(PlayReload.scala:24)
	at play.sbt.run.PlayReload$.$anonfun$compile$3(PlayReload.scala:51)
	at scala.util.Either$LeftProjection.map(Either.scala:573)
	at play.sbt.run.PlayReload$.compile(PlayReload.scala:51)
	at play.sbt.run.PlayRun$.$anonfun$playRunTask$4(PlayRun.scala:76)
	at play.runsupport.Reloader.$anonfun$reload$1(Reloader.scala:413)
	at play.runsupport.Reloader$$anon$5.run(Reloader.scala:51)
	at java.security.AccessController.doPrivileged(Native Method)
	at play.runsupport.Reloader$.play$runsupport$Reloader$$withReloaderContextClassLoader(Reloader.scala:56)
	at play.runsupport.Reloader.reload(Reloader.scala:413)
	at play.core.server.DevServerStart$$anon$1.get(DevServerStart.scala:123)
	at play.core.server.AkkaHttpServer.handleRequest(AkkaHttpServer.scala:189)
	at play.core.server.AkkaHttpServer.$anonfun$createServerBinding$1(AkkaHttpServer.scala:106)
	at akka.stream.impl.fusing.MapAsync$$anon$25.onPush(Ops.scala:1194)
	at akka.stream.impl.fusing.GraphInterpreter.processPush(GraphInterpreter.scala:519)
	at akka.stream.impl.fusing.GraphInterpreter.processEvent(GraphInterpreter.scala:482)
	at akka.stream.impl.fusing.GraphInterpreter.execute(GraphInterpreter.scala:378)
	at akka.stream.impl.fusing.GraphInterpreterShell.runBatch(ActorGraphInterpreter.scala:585)
	at akka.stream.impl.fusing.GraphInterpreterShell$AsyncInput.execute(ActorGraphInterpreter.scala:469)
	at akka.stream.impl.fusing.GraphInterpreterShell.processEvent(ActorGraphInterpreter.scala:560)
	at akka.stream.impl.fusing.ActorGraphInterpreter.akka$stream$impl$fusing$ActorGraphInterpreter$$processEvent(ActorGraphInterpreter.scala:742)
	at akka.stream.impl.fusing.ActorGraphInterpreter$$anonfun$receive$1.applyOrElse(ActorGraphInterpreter.scala:757)
	at akka.actor.Actor.aroundReceive(Actor.scala:517)
	at akka.actor.Actor.aroundReceive$(Actor.scala:515)
	at akka.stream.impl.fusing.ActorGraphInterpreter.aroundReceive(ActorGraphInterpreter.scala:667)
	at akka.actor.ActorCell.receiveMessage(ActorCell.scala:590)
	at akka.actor.ActorCell.invoke(ActorCell.scala:559)
	at akka.dispatch.Mailbox.processMailbox(Mailbox.scala:257)
	at akka.dispatch.Mailbox.run(Mailbox.scala:224)
	at akka.dispatch.Mailbox.exec(Mailbox.scala:234)
	at akka.dispatch.forkjoin.ForkJoinTask.doExec(ForkJoinTask.java:260)
	at akka.dispatch.forkjoin.ForkJoinPool$WorkQueue.runTask(ForkJoinPool.java:1339)
	at akka.dispatch.forkjoin.ForkJoinPool.runWorker(ForkJoinPool.java:1979)
	at akka.dispatch.forkjoin.ForkJoinWorkerThread.run(ForkJoinWorkerThread.java:107)
2018-03-27 17:51:52,876 [ERROR] from application in play-dev-mode-akka.actor.default-dispatcher-40 - 

! @77dbnfmgd - Internal server error, for (GET) [/game] ->
 
play.sbt.PlayExceptions$CompilationException: Compilation error[method render in class views.html.game cannot be applied to given types;
  required: models.users.User,models.Game
  found: models.users.User
  reason: actual and formal argument lists differ in length]
	at play.sbt.PlayExceptions$CompilationException$.apply(PlayExceptions.scala:34)
	at play.sbt.PlayExceptions$CompilationException$.apply(PlayExceptions.scala:34)
	at scala.Option.map(Option.scala:146)
	at play.sbt.run.PlayReload$.$anonfun$taskFailureHandler$1(PlayReload.scala:33)
	at scala.Option.map(Option.scala:146)
	at play.sbt.run.PlayReload$.taskFailureHandler(PlayReload.scala:28)
	at play.sbt.run.PlayReload$.compileFailure(PlayReload.scala:24)
	at play.sbt.run.PlayReload$.$anonfun$compile$3(PlayReload.scala:51)
	at scala.util.Either$LeftProjection.map(Either.scala:573)
	at play.sbt.run.PlayReload$.compile(PlayReload.scala:51)
	at play.sbt.run.PlayRun$.$anonfun$playRunTask$4(PlayRun.scala:76)
	at play.runsupport.Reloader.$anonfun$reload$1(Reloader.scala:413)
	at play.runsupport.Reloader$$anon$5.run(Reloader.scala:51)
	at java.security.AccessController.doPrivileged(Native Method)
	at play.runsupport.Reloader$.play$runsupport$Reloader$$withReloaderContextClassLoader(Reloader.scala:56)
	at play.runsupport.Reloader.reload(Reloader.scala:413)
	at play.core.server.DevServerStart$$anon$1.get(DevServerStart.scala:123)
	at play.core.server.AkkaHttpServer.handleRequest(AkkaHttpServer.scala:189)
	at play.core.server.AkkaHttpServer.$anonfun$createServerBinding$1(AkkaHttpServer.scala:106)
	at akka.stream.impl.fusing.MapAsync$$anon$25.onPush(Ops.scala:1194)
	at akka.stream.impl.fusing.GraphInterpreter.processPush(GraphInterpreter.scala:519)
	at akka.stream.impl.fusing.GraphInterpreter.processEvent(GraphInterpreter.scala:482)
	at akka.stream.impl.fusing.GraphInterpreter.execute(GraphInterpreter.scala:378)
	at akka.stream.impl.fusing.GraphInterpreterShell.runBatch(ActorGraphInterpreter.scala:585)
	at akka.stream.impl.fusing.GraphInterpreterShell$AsyncInput.execute(ActorGraphInterpreter.scala:469)
	at akka.stream.impl.fusing.GraphInterpreterShell.processEvent(ActorGraphInterpreter.scala:560)
	at akka.stream.impl.fusing.ActorGraphInterpreter.akka$stream$impl$fusing$ActorGraphInterpreter$$processEvent(ActorGraphInterpreter.scala:742)
	at akka.stream.impl.fusing.ActorGraphInterpreter$$anonfun$receive$1.applyOrElse(ActorGraphInterpreter.scala:757)
	at akka.actor.Actor.aroundReceive(Actor.scala:517)
	at akka.actor.Actor.aroundReceive$(Actor.scala:515)
	at akka.stream.impl.fusing.ActorGraphInterpreter.aroundReceive(ActorGraphInterpreter.scala:667)
	at akka.actor.ActorCell.receiveMessage(ActorCell.scala:590)
	at akka.actor.ActorCell.invoke(ActorCell.scala:559)
	at akka.dispatch.Mailbox.processMailbox(Mailbox.scala:257)
	at akka.dispatch.Mailbox.run(Mailbox.scala:224)
	at akka.dispatch.Mailbox.exec(Mailbox.scala:234)
	at akka.dispatch.forkjoin.ForkJoinTask.doExec(ForkJoinTask.java:260)
	at akka.dispatch.forkjoin.ForkJoinPool$WorkQueue.runTask(ForkJoinPool.java:1339)
	at akka.dispatch.forkjoin.ForkJoinPool.runWorker(ForkJoinPool.java:1979)
	at akka.dispatch.forkjoin.ForkJoinWorkerThread.run(ForkJoinWorkerThread.java:107)
2018-03-27 18:09:58,330 [INFO] from application in application-akka.actor.default-dispatcher-9 - Shutting down connection pool.
2018-03-27 18:09:58,455 [INFO] from application in play-dev-mode-akka.actor.default-dispatcher-43 - Creating Pool for datasource 'default'
2018-03-27 18:09:58,455 [INFO] from play.api.db.DefaultDBApi in play-dev-mode-akka.actor.default-dispatcher-43 - Database [default] connected at jdbc:h2:mem:games
2018-03-27 18:09:58,596 [WARN] from org.hibernate.validator.messageinterpolation.ParameterMessageInterpolator in play-dev-mode-akka.actor.default-dispatcher-43 - HV000184: ParameterMessageInterpolator has been chosen, EL interpolation will not be supported
2018-03-27 18:09:58,643 [INFO] from play.api.http.EnabledFilters in play-dev-mode-akka.actor.default-dispatcher-43 - Enabled Filters (see <https://www.playframework.com/documentation/latest/Filters>):

    play.filters.csrf.CSRFFilter
    play.filters.headers.SecurityHeadersFilter
    play.filters.hosts.AllowedHostsFilter

2018-03-27 18:09:58,643 [INFO] from play.api.Play in play-dev-mode-akka.actor.default-dispatcher-43 - Application started (Dev)
2018-03-27 18:10:29,714 [INFO] from application in application-akka.actor.default-dispatcher-8 - Shutting down connection pool.
2018-03-27 18:10:29,823 [INFO] from application in play-dev-mode-akka.actor.default-dispatcher-45 - Creating Pool for datasource 'default'
2018-03-27 18:10:29,823 [INFO] from play.api.db.DefaultDBApi in play-dev-mode-akka.actor.default-dispatcher-45 - Database [default] connected at jdbc:h2:mem:games
2018-03-27 18:10:29,964 [WARN] from org.hibernate.validator.messageinterpolation.ParameterMessageInterpolator in play-dev-mode-akka.actor.default-dispatcher-45 - HV000184: ParameterMessageInterpolator has been chosen, EL interpolation will not be supported
2018-03-27 18:10:30,011 [INFO] from play.api.http.EnabledFilters in play-dev-mode-akka.actor.default-dispatcher-45 - Enabled Filters (see <https://www.playframework.com/documentation/latest/Filters>):

    play.filters.csrf.CSRFFilter
    play.filters.headers.SecurityHeadersFilter
    play.filters.hosts.AllowedHostsFilter

2018-03-27 18:10:30,011 [INFO] from play.api.Play in play-dev-mode-akka.actor.default-dispatcher-45 - Application started (Dev)
2018-03-27 18:13:45,932 [INFO] from application in application-akka.actor.default-dispatcher-6 - Shutting down connection pool.
2018-03-27 18:13:46,041 [INFO] from application in play-dev-mode-akka.actor.default-dispatcher-48 - Creating Pool for datasource 'default'
2018-03-27 18:13:46,041 [INFO] from play.api.db.DefaultDBApi in play-dev-mode-akka.actor.default-dispatcher-48 - Database [default] connected at jdbc:h2:mem:games
2018-03-27 18:13:46,166 [WARN] from org.hibernate.validator.messageinterpolation.ParameterMessageInterpolator in play-dev-mode-akka.actor.default-dispatcher-48 - HV000184: ParameterMessageInterpolator has been chosen, EL interpolation will not be supported
2018-03-27 18:13:46,213 [INFO] from play.api.http.EnabledFilters in play-dev-mode-akka.actor.default-dispatcher-48 - Enabled Filters (see <https://www.playframework.com/documentation/latest/Filters>):

    play.filters.csrf.CSRFFilter
    play.filters.headers.SecurityHeadersFilter
    play.filters.hosts.AllowedHostsFilter

2018-03-27 18:13:46,213 [INFO] from play.api.Play in play-dev-mode-akka.actor.default-dispatcher-48 - Application started (Dev)
2018-03-27 18:14:52,587 [INFO] from application in application-akka.actor.default-dispatcher-10 - Shutting down connection pool.
2018-03-27 18:14:52,696 [INFO] from application in play-dev-mode-akka.actor.default-dispatcher-50 - Creating Pool for datasource 'default'
2018-03-27 18:14:52,696 [INFO] from play.api.db.DefaultDBApi in play-dev-mode-akka.actor.default-dispatcher-50 - Database [default] connected at jdbc:h2:mem:games
2018-03-27 18:14:52,837 [WARN] from org.hibernate.validator.messageinterpolation.ParameterMessageInterpolator in play-dev-mode-akka.actor.default-dispatcher-50 - HV000184: ParameterMessageInterpolator has been chosen, EL interpolation will not be supported
2018-03-27 18:14:52,883 [INFO] from play.api.http.EnabledFilters in play-dev-mode-akka.actor.default-dispatcher-50 - Enabled Filters (see <https://www.playframework.com/documentation/latest/Filters>):

    play.filters.csrf.CSRFFilter
    play.filters.headers.SecurityHeadersFilter
    play.filters.hosts.AllowedHostsFilter

2018-03-27 18:14:52,883 [INFO] from play.api.Play in play-dev-mode-akka.actor.default-dispatcher-50 - Application started (Dev)
2018-03-27 18:18:50,045 [INFO] from application in application-akka.actor.default-dispatcher-8 - Shutting down connection pool.
2018-03-27 18:18:50,155 [INFO] from application in play-dev-mode-akka.actor.default-dispatcher-49 - Creating Pool for datasource 'default'
2018-03-27 18:18:50,155 [INFO] from play.api.db.DefaultDBApi in play-dev-mode-akka.actor.default-dispatcher-49 - Database [default] connected at jdbc:h2:mem:games
2018-03-27 18:18:50,280 [WARN] from org.hibernate.validator.messageinterpolation.ParameterMessageInterpolator in play-dev-mode-akka.actor.default-dispatcher-49 - HV000184: ParameterMessageInterpolator has been chosen, EL interpolation will not be supported
2018-03-27 18:18:50,311 [INFO] from play.api.http.EnabledFilters in play-dev-mode-akka.actor.default-dispatcher-49 - Enabled Filters (see <https://www.playframework.com/documentation/latest/Filters>):

    play.filters.csrf.CSRFFilter
    play.filters.headers.SecurityHeadersFilter
    play.filters.hosts.AllowedHostsFilter

2018-03-27 18:18:50,311 [INFO] from play.api.Play in play-dev-mode-akka.actor.default-dispatcher-49 - Application started (Dev)
2018-03-27 18:25:50,994 [INFO] from application in application-akka.actor.default-dispatcher-13 - Shutting down connection pool.
2018-03-27 18:25:51,072 [INFO] from application in play-dev-mode-akka.actor.default-dispatcher-61 - Creating Pool for datasource 'default'
2018-03-27 18:25:51,072 [INFO] from play.api.db.DefaultDBApi in play-dev-mode-akka.actor.default-dispatcher-61 - Database [default] connected at jdbc:h2:mem:games
2018-03-27 18:25:51,166 [WARN] from org.hibernate.validator.messageinterpolation.ParameterMessageInterpolator in play-dev-mode-akka.actor.default-dispatcher-61 - HV000184: ParameterMessageInterpolator has been chosen, EL interpolation will not be supported
2018-03-27 18:25:51,213 [INFO] from play.api.http.EnabledFilters in play-dev-mode-akka.actor.default-dispatcher-61 - Enabled Filters (see <https://www.playframework.com/documentation/latest/Filters>):

    play.filters.csrf.CSRFFilter
    play.filters.headers.SecurityHeadersFilter
    play.filters.hosts.AllowedHostsFilter

2018-03-27 18:25:51,213 [INFO] from play.api.Play in play-dev-mode-akka.actor.default-dispatcher-61 - Application started (Dev)
2018-03-27 18:26:09,590 [INFO] from application in application-akka.actor.default-dispatcher-3 - Shutting down connection pool.
2018-03-27 18:26:09,652 [INFO] from application in play-dev-mode-akka.actor.default-dispatcher-61 - Creating Pool for datasource 'default'
2018-03-27 18:26:09,668 [INFO] from play.api.db.DefaultDBApi in play-dev-mode-akka.actor.default-dispatcher-61 - Database [default] connected at jdbc:h2:mem:games
2018-03-27 18:26:09,793 [WARN] from org.hibernate.validator.messageinterpolation.ParameterMessageInterpolator in play-dev-mode-akka.actor.default-dispatcher-61 - HV000184: ParameterMessageInterpolator has been chosen, EL interpolation will not be supported
2018-03-27 18:26:09,824 [INFO] from play.api.http.EnabledFilters in play-dev-mode-akka.actor.default-dispatcher-61 - Enabled Filters (see <https://www.playframework.com/documentation/latest/Filters>):

    play.filters.csrf.CSRFFilter
    play.filters.headers.SecurityHeadersFilter
    play.filters.hosts.AllowedHostsFilter

2018-03-27 18:26:09,824 [INFO] from play.api.Play in play-dev-mode-akka.actor.default-dispatcher-61 - Application started (Dev)
2018-03-27 18:32:27,243 [INFO] from application in application-akka.actor.default-dispatcher-12 - Shutting down connection pool.
2018-03-27 18:32:27,337 [INFO] from application in play-dev-mode-akka.actor.default-dispatcher-70 - Creating Pool for datasource 'default'
2018-03-27 18:32:27,337 [INFO] from play.api.db.DefaultDBApi in play-dev-mode-akka.actor.default-dispatcher-70 - Database [default] connected at jdbc:h2:mem:games
2018-03-27 18:32:27,462 [WARN] from org.hibernate.validator.messageinterpolation.ParameterMessageInterpolator in play-dev-mode-akka.actor.default-dispatcher-70 - HV000184: ParameterMessageInterpolator has been chosen, EL interpolation will not be supported
2018-03-27 18:32:27,493 [INFO] from play.api.http.EnabledFilters in play-dev-mode-akka.actor.default-dispatcher-70 - Enabled Filters (see <https://www.playframework.com/documentation/latest/Filters>):

    play.filters.csrf.CSRFFilter
    play.filters.headers.SecurityHeadersFilter
    play.filters.hosts.AllowedHostsFilter

2018-03-27 18:32:27,493 [INFO] from play.api.Play in play-dev-mode-akka.actor.default-dispatcher-70 - Application started (Dev)
